I[01:20:08,953] [main]ChainPaxosMixedProto: ChainPaxos: {members=[172.16.66.8:50300, 172.16.66.70:50300, 172.16.66.71:50300]} qs 2
I[01:20:13,003] [200-ChainProtoMixed]ChainPaxosMixedProto: New highest instance leader: iN:0, SN{0:172.16.66.8:50300}
I[01:20:13,005] [100-ChainFrontMixed0]ChainPaxosMixedFront: New writesTo: /172.16.66.8
W[01:21:14,465] [100-ChainFrontMixed0]ChainPaxosMixedFront: Sending batch by timeout, size 3
W[01:21:15,066] [100-ChainFrontMixed0]ChainPaxosMixedFront: Sending batch by timeout, size 7
W[01:21:15,186] [100-ChainFrontMixed0]ChainPaxosMixedFront: Sending batch by timeout, size 3
W[01:21:15,826] [100-ChainFrontMixed0]ChainPaxosMixedFront: Sending batch by timeout, size 7
W[01:21:15,906] [100-ChainFrontMixed0]ChainPaxosMixedFront: Sending batch by timeout, size 3
W[01:21:16,587] [100-ChainFrontMixed0]ChainPaxosMixedFront: Sending batch by timeout, size 7
W[01:21:17,028] [100-ChainFrontMixed0]ChainPaxosMixedFront: Sending batch by timeout, size 3
W[01:21:17,268] [100-ChainFrontMixed0]ChainPaxosMixedFront: Sending batch by timeout, size 7
W[01:21:17,909] [100-ChainFrontMixed0]ChainPaxosMixedFront: Sending batch by timeout, size 3
W[01:21:17,989] [100-ChainFrontMixed0]ChainPaxosMixedFront: Sending batch by timeout, size 7
W[01:21:18,590] [100-ChainFrontMixed0]ChainPaxosMixedFront: Sending batch by timeout, size 3
W[01:21:19,151] [100-ChainFrontMixed0]ChainPaxosMixedFront: Sending batch by timeout, size 7
W[01:21:19,311] [100-ChainFrontMixed0]ChainPaxosMixedFront: Sending batch by timeout, size 3
W[01:21:19,992] [100-ChainFrontMixed0]ChainPaxosMixedFront: Sending batch by timeout, size 7
W[01:21:20,673] [100-ChainFrontMixed0]ChainPaxosMixedFront: Sending batch by timeout, size 3
W[01:21:28,405] [100-ChainFrontMixed0]ChainPaxosMixedFront: Sending batch by timeout, size 3
W[01:21:28,685] [100-ChainFrontMixed0]ChainPaxosMixedFront: Sending batch by timeout, size 7
W[01:21:29,125] [100-ChainFrontMixed0]ChainPaxosMixedFront: Sending batch by timeout, size 3
W[01:21:29,486] [100-ChainFrontMixed0]ChainPaxosMixedFront: Sending batch by timeout, size 7
W[01:21:30,688] [100-ChainFrontMixed0]ChainPaxosMixedFront: Sending batch by timeout, size 3
W[01:21:30,808] [100-ChainFrontMixed0]ChainPaxosMixedFront: Sending batch by timeout, size 7
W[01:21:41,985] [100-ChainFrontMixed0]ChainPaxosMixedFront: Sending batch by timeout, size 5
I[01:21:48,871] [Thread-1]HashMapApp: Writes: 489192, reads: 0
