I[21:39:27,877] [main]RingPaxosPiggyProto: RingPiggyPaxos: {members=[172.16.66.2:50300, 172.16.66.18:50300, 172.16.66.19:50300]} qs 2 max instances: 30
W[21:39:27,886] [600-RingPiggyProto]RingPaxosPiggyProto: Connection failed to 172.16.66.18:50300, cause: finishConnect(..) failed: Connection refused: gros-18/172.16.66.18:50300
W[21:39:27,886] [600-RingPiggyProto]RingPaxosPiggyProto: Connection failed to 172.16.66.19:50300, cause: finishConnect(..) failed: Connection refused: gros-19/172.16.66.19:50300
I[21:39:32,880] [600-RingPiggyProto]RingPaxosPiggyProto: Attempting to take leadership...
I[21:39:32,885] [600-RingPiggyProto]RingPaxosPiggyProto: New highest instance leader: iN:0, SN{0:172.16.66.2:50300}
I[21:39:32,886] [100-RingFront0]RingPaxosFront: New writesTo: /172.16.66.2
I[21:39:32,896] [600-RingPiggyProto]RingPaxosPiggyProto: I am leader now! @ instance 0
W[21:39:32,896] [600-RingPiggyProto]RingPaxosPiggyProto: PrepareOk ignored, either already leader or stopped trying
W[21:39:43,287] [600-RingPiggyProto]RingPaxosPiggyProto: Resending old accept 97807
W[21:39:43,288] [600-RingPiggyProto]RingPaxosPiggyProto: Resending old accept 97808
W[21:39:43,288] [600-RingPiggyProto]RingPaxosPiggyProto: Resending old accept 97809
W[21:39:43,288] [600-RingPiggyProto]RingPaxosPiggyProto: Resending old accept 97810
W[21:39:43,288] [600-RingPiggyProto]RingPaxosPiggyProto: Resending old accept 97811
W[21:39:43,289] [600-RingPiggyProto]RingPaxosPiggyProto: Resending old accept 97812
W[21:39:43,289] [600-RingPiggyProto]RingPaxosPiggyProto: Resending old accept 97813
W[21:39:43,289] [600-RingPiggyProto]RingPaxosPiggyProto: Resending old accept 97814
W[21:39:43,289] [600-RingPiggyProto]RingPaxosPiggyProto: Resending old accept 97815
W[21:39:43,289] [600-RingPiggyProto]RingPaxosPiggyProto: Resending old accept 97816
W[21:39:43,289] [600-RingPiggyProto]RingPaxosPiggyProto: Resending old accept 97817
W[21:39:43,289] [600-RingPiggyProto]RingPaxosPiggyProto: Resending old accept 97818
W[21:39:43,289] [600-RingPiggyProto]RingPaxosPiggyProto: Resending old accept 97819
W[21:39:43,289] [600-RingPiggyProto]RingPaxosPiggyProto: Resending old accept 97820
W[21:39:43,289] [600-RingPiggyProto]RingPaxosPiggyProto: Resending old accept 97821
W[21:39:43,290] [600-RingPiggyProto]RingPaxosPiggyProto: Resending old accept 97822
W[21:39:43,290] [600-RingPiggyProto]RingPaxosPiggyProto: Resending old accept 97823
W[21:39:43,290] [600-RingPiggyProto]RingPaxosPiggyProto: Resending old accept 97824
W[21:39:43,290] [600-RingPiggyProto]RingPaxosPiggyProto: Resending old accept 97825
W[21:39:43,290] [600-RingPiggyProto]RingPaxosPiggyProto: Resending old accept 97826
W[21:39:43,290] [600-RingPiggyProto]RingPaxosPiggyProto: Resending old accept 97827
W[21:39:43,290] [600-RingPiggyProto]RingPaxosPiggyProto: Resending old accept 97828
W[21:39:43,290] [600-RingPiggyProto]RingPaxosPiggyProto: Resending old accept 97829
W[21:39:43,290] [600-RingPiggyProto]RingPaxosPiggyProto: Resending old accept 97830
W[21:39:43,291] [600-RingPiggyProto]RingPaxosPiggyProto: Resending old accept 97831
W[21:39:43,291] [600-RingPiggyProto]RingPaxosPiggyProto: Resending old accept 97832
W[21:39:43,291] [600-RingPiggyProto]RingPaxosPiggyProto: Resending old accept 97833
W[21:39:43,291] [600-RingPiggyProto]RingPaxosPiggyProto: Resending old accept 97834
W[21:39:43,291] [600-RingPiggyProto]RingPaxosPiggyProto: Resending old accept 97835
W[21:39:43,291] [600-RingPiggyProto]RingPaxosPiggyProto: Resending old accept 97836
W[21:39:44,972] [600-RingPiggyProto]RingPaxosPiggyProto: Resending old accept 98045
W[21:39:44,973] [600-RingPiggyProto]RingPaxosPiggyProto: Resending old accept 98046
W[21:39:44,973] [600-RingPiggyProto]RingPaxosPiggyProto: Resending old accept 98047
W[21:39:44,973] [600-RingPiggyProto]RingPaxosPiggyProto: Resending old accept 98048
W[21:39:44,973] [600-RingPiggyProto]RingPaxosPiggyProto: Resending old accept 98049
W[21:39:44,973] [600-RingPiggyProto]RingPaxosPiggyProto: Resending old accept 98050
W[21:39:44,973] [600-RingPiggyProto]RingPaxosPiggyProto: Resending old accept 98051
W[21:39:44,973] [600-RingPiggyProto]RingPaxosPiggyProto: Resending old accept 98052
W[21:39:44,973] [600-RingPiggyProto]RingPaxosPiggyProto: Resending old accept 98053
W[21:39:44,973] [600-RingPiggyProto]RingPaxosPiggyProto: Resending old accept 98054
W[21:39:44,973] [600-RingPiggyProto]RingPaxosPiggyProto: Resending old accept 98055
W[21:39:44,974] [600-RingPiggyProto]RingPaxosPiggyProto: Resending old accept 98056
W[21:39:44,974] [600-RingPiggyProto]RingPaxosPiggyProto: Resending old accept 98057
W[21:39:44,974] [600-RingPiggyProto]RingPaxosPiggyProto: Resending old accept 98058
W[21:39:44,974] [600-RingPiggyProto]RingPaxosPiggyProto: Resending old accept 98059
W[21:39:44,974] [600-RingPiggyProto]RingPaxosPiggyProto: Resending old accept 98060
W[21:39:44,974] [600-RingPiggyProto]RingPaxosPiggyProto: Resending old accept 98061
W[21:39:44,974] [600-RingPiggyProto]RingPaxosPiggyProto: Resending old accept 98062
W[21:39:44,974] [600-RingPiggyProto]RingPaxosPiggyProto: Resending old accept 98063
W[21:39:44,974] [600-RingPiggyProto]RingPaxosPiggyProto: Resending old accept 98064
W[21:39:44,974] [600-RingPiggyProto]RingPaxosPiggyProto: Resending old accept 98065
W[21:39:44,975] [600-RingPiggyProto]RingPaxosPiggyProto: Resending old accept 98066
W[21:39:44,975] [600-RingPiggyProto]RingPaxosPiggyProto: Resending old accept 98067
W[21:39:44,975] [600-RingPiggyProto]RingPaxosPiggyProto: Resending old accept 98068
W[21:39:44,975] [600-RingPiggyProto]RingPaxosPiggyProto: Resending old accept 98069
W[21:39:44,975] [600-RingPiggyProto]RingPaxosPiggyProto: Resending old accept 98070
W[21:39:44,975] [600-RingPiggyProto]RingPaxosPiggyProto: Resending old accept 98071
W[21:39:44,975] [600-RingPiggyProto]RingPaxosPiggyProto: Resending old accept 98072
W[21:39:44,975] [600-RingPiggyProto]RingPaxosPiggyProto: Resending old accept 98073
W[21:39:44,975] [600-RingPiggyProto]RingPaxosPiggyProto: Resending old accept 98074
W[21:39:46,733] [600-RingPiggyProto]RingPaxosPiggyProto: Resending old accept 98105
W[21:39:46,733] [600-RingPiggyProto]RingPaxosPiggyProto: Resending old accept 98106
W[21:39:46,733] [600-RingPiggyProto]RingPaxosPiggyProto: Resending old accept 98107
W[21:39:46,734] [600-RingPiggyProto]RingPaxosPiggyProto: Resending old accept 98108
W[21:39:46,734] [600-RingPiggyProto]RingPaxosPiggyProto: Resending old accept 98109
W[21:39:46,734] [600-RingPiggyProto]RingPaxosPiggyProto: Resending old accept 98110
W[21:39:46,734] [600-RingPiggyProto]RingPaxosPiggyProto: Resending old accept 98111
W[21:39:46,734] [600-RingPiggyProto]RingPaxosPiggyProto: Resending old accept 98112
W[21:39:46,734] [600-RingPiggyProto]RingPaxosPiggyProto: Resending old accept 98113
W[21:39:46,734] [600-RingPiggyProto]RingPaxosPiggyProto: Resending old accept 98114
W[21:39:46,734] [600-RingPiggyProto]RingPaxosPiggyProto: Resending old accept 98115
W[21:39:46,734] [600-RingPiggyProto]RingPaxosPiggyProto: Resending old accept 98116
W[21:39:46,735] [600-RingPiggyProto]RingPaxosPiggyProto: Resending old accept 98117
W[21:39:46,735] [600-RingPiggyProto]RingPaxosPiggyProto: Resending old accept 98118
W[21:39:46,735] [600-RingPiggyProto]RingPaxosPiggyProto: Resending old accept 98119
W[21:39:46,735] [600-RingPiggyProto]RingPaxosPiggyProto: Resending old accept 98120
W[21:39:46,735] [600-RingPiggyProto]RingPaxosPiggyProto: Resending old accept 98121
W[21:39:46,735] [600-RingPiggyProto]RingPaxosPiggyProto: Resending old accept 98122
W[21:39:46,735] [600-RingPiggyProto]RingPaxosPiggyProto: Resending old accept 98123
W[21:39:46,735] [600-RingPiggyProto]RingPaxosPiggyProto: Resending old accept 98124
W[21:39:46,735] [600-RingPiggyProto]RingPaxosPiggyProto: Resending old accept 98125
W[21:39:46,735] [600-RingPiggyProto]RingPaxosPiggyProto: Resending old accept 98126
W[21:39:46,736] [600-RingPiggyProto]RingPaxosPiggyProto: Resending old accept 98127
W[21:39:46,736] [600-RingPiggyProto]RingPaxosPiggyProto: Resending old accept 98128
W[21:39:46,736] [600-RingPiggyProto]RingPaxosPiggyProto: Resending old accept 98129
W[21:39:46,736] [600-RingPiggyProto]RingPaxosPiggyProto: Resending old accept 98130
W[21:39:46,736] [600-RingPiggyProto]RingPaxosPiggyProto: Resending old accept 98131
W[21:39:46,736] [600-RingPiggyProto]RingPaxosPiggyProto: Resending old accept 98132
W[21:39:46,736] [600-RingPiggyProto]RingPaxosPiggyProto: Resending old accept 98133
W[21:39:46,736] [600-RingPiggyProto]RingPaxosPiggyProto: Resending old accept 98134
W[21:39:48,494] [600-RingPiggyProto]RingPaxosPiggyProto: Resending old accept 98165
W[21:39:48,494] [600-RingPiggyProto]RingPaxosPiggyProto: Resending old accept 98166
W[21:39:48,494] [600-RingPiggyProto]RingPaxosPiggyProto: Resending old accept 98167
W[21:39:48,494] [600-RingPiggyProto]RingPaxosPiggyProto: Resending old accept 98168
W[21:39:48,494] [600-RingPiggyProto]RingPaxosPiggyProto: Resending old accept 98169
W[21:39:48,495] [600-RingPiggyProto]RingPaxosPiggyProto: Resending old accept 98170
W[21:39:48,495] [600-RingPiggyProto]RingPaxosPiggyProto: Resending old accept 98171
W[21:39:48,495] [600-RingPiggyProto]RingPaxosPiggyProto: Resending old accept 98172
W[21:39:48,495] [600-RingPiggyProto]RingPaxosPiggyProto: Resending old accept 98173
W[21:39:48,495] [600-RingPiggyProto]RingPaxosPiggyProto: Resending old accept 98174
W[21:39:48,495] [600-RingPiggyProto]RingPaxosPiggyProto: Resending old accept 98175
W[21:39:48,495] [600-RingPiggyProto]RingPaxosPiggyProto: Resending old accept 98176
W[21:39:48,495] [600-RingPiggyProto]RingPaxosPiggyProto: Resending old accept 98177
W[21:39:48,495] [600-RingPiggyProto]RingPaxosPiggyProto: Resending old accept 98178
W[21:39:48,496] [600-RingPiggyProto]RingPaxosPiggyProto: Resending old accept 98179
W[21:39:48,496] [600-RingPiggyProto]RingPaxosPiggyProto: Resending old accept 98180
W[21:39:48,496] [600-RingPiggyProto]RingPaxosPiggyProto: Resending old accept 98181
W[21:39:48,496] [600-RingPiggyProto]RingPaxosPiggyProto: Resending old accept 98182
W[21:39:48,496] [600-RingPiggyProto]RingPaxosPiggyProto: Resending old accept 98183
W[21:39:48,496] [600-RingPiggyProto]RingPaxosPiggyProto: Resending old accept 98184
W[21:39:48,496] [600-RingPiggyProto]RingPaxosPiggyProto: Resending old accept 98185
W[21:39:48,496] [600-RingPiggyProto]RingPaxosPiggyProto: Resending old accept 98186
W[21:39:48,496] [600-RingPiggyProto]RingPaxosPiggyProto: Resending old accept 98187
W[21:39:48,496] [600-RingPiggyProto]RingPaxosPiggyProto: Resending old accept 98188
W[21:39:48,496] [600-RingPiggyProto]RingPaxosPiggyProto: Resending old accept 98189
W[21:39:48,497] [600-RingPiggyProto]RingPaxosPiggyProto: Resending old accept 98190
W[21:39:48,497] [600-RingPiggyProto]RingPaxosPiggyProto: Resending old accept 98191
W[21:39:48,497] [600-RingPiggyProto]RingPaxosPiggyProto: Resending old accept 98192
W[21:39:48,497] [600-RingPiggyProto]RingPaxosPiggyProto: Resending old accept 98193
W[21:39:48,497] [600-RingPiggyProto]RingPaxosPiggyProto: Resending old accept 98194
W[21:39:50,256] [600-RingPiggyProto]RingPaxosPiggyProto: Resending old accept 98225
W[21:39:50,256] [600-RingPiggyProto]RingPaxosPiggyProto: Resending old accept 98226
W[21:39:50,256] [600-RingPiggyProto]RingPaxosPiggyProto: Resending old accept 98227
W[21:39:50,256] [600-RingPiggyProto]RingPaxosPiggyProto: Resending old accept 98228
W[21:39:50,256] [600-RingPiggyProto]RingPaxosPiggyProto: Resending old accept 98229
W[21:39:50,256] [600-RingPiggyProto]RingPaxosPiggyProto: Resending old accept 98230
W[21:39:50,256] [600-RingPiggyProto]RingPaxosPiggyProto: Resending old accept 98231
W[21:39:50,256] [600-RingPiggyProto]RingPaxosPiggyProto: Resending old accept 98232
W[21:39:50,257] [600-RingPiggyProto]RingPaxosPiggyProto: Resending old accept 98233
W[21:39:50,257] [600-RingPiggyProto]RingPaxosPiggyProto: Resending old accept 98234
W[21:39:50,257] [600-RingPiggyProto]RingPaxosPiggyProto: Resending old accept 98235
W[21:39:50,257] [600-RingPiggyProto]RingPaxosPiggyProto: Resending old accept 98236
W[21:39:50,257] [600-RingPiggyProto]RingPaxosPiggyProto: Resending old accept 98237
W[21:39:50,257] [600-RingPiggyProto]RingPaxosPiggyProto: Resending old accept 98238
W[21:39:50,257] [600-RingPiggyProto]RingPaxosPiggyProto: Resending old accept 98239
W[21:39:50,257] [600-RingPiggyProto]RingPaxosPiggyProto: Resending old accept 98240
W[21:39:50,257] [600-RingPiggyProto]RingPaxosPiggyProto: Resending old accept 98241
W[21:39:50,257] [600-RingPiggyProto]RingPaxosPiggyProto: Resending old accept 98242
W[21:39:50,257] [600-RingPiggyProto]RingPaxosPiggyProto: Resending old accept 98243
W[21:39:50,257] [600-RingPiggyProto]RingPaxosPiggyProto: Resending old accept 98244
W[21:39:50,257] [600-RingPiggyProto]RingPaxosPiggyProto: Resending old accept 98245
W[21:39:50,257] [600-RingPiggyProto]RingPaxosPiggyProto: Resending old accept 98246
W[21:39:50,257] [600-RingPiggyProto]RingPaxosPiggyProto: Resending old accept 98247
W[21:39:50,257] [600-RingPiggyProto]RingPaxosPiggyProto: Resending old accept 98248
W[21:39:50,258] [600-RingPiggyProto]RingPaxosPiggyProto: Resending old accept 98249
W[21:39:50,258] [600-RingPiggyProto]RingPaxosPiggyProto: Resending old accept 98250
W[21:39:50,258] [600-RingPiggyProto]RingPaxosPiggyProto: Resending old accept 98251
W[21:39:50,258] [600-RingPiggyProto]RingPaxosPiggyProto: Resending old accept 98252
W[21:39:50,258] [600-RingPiggyProto]RingPaxosPiggyProto: Resending old accept 98253
W[21:39:50,258] [600-RingPiggyProto]RingPaxosPiggyProto: Resending old accept 98254
I[21:39:51,022] [Thread-1]HashMapApp: Writes: 78061, reads: 0
