2022-01-11 00:57:10:294 0 sec: 0 operations; est completion in 0 second 
2022-01-11 00:57:20:258 10 sec: 346 operations; 34.6 current ops/sec; est completion in 13 days 9 hours [INSERT: Count=346, Max=8699903, Min=1846272, Avg=5871988.9, 90=8015871, 99=8675327, 99.9=8699903, 99.99=8699903] 
2022-01-11 00:57:30:259 20 sec: 2186 operations; 184 current ops/sec; est completion in 4 days 5 hours [INSERT: Count=1842, Max=7647231, Min=234752, Avg=1811027.14, 90=3858431, 99=6508543, 99.9=7634943, 99.99=7647231] 
2022-01-11 00:57:40:258 30 sec: 4765 operations; 257.9 current ops/sec; est completion in 2 days 21 hours [INSERT: Count=2577, Max=3739647, Min=221440, Avg=1208146.3, 90=3526655, 99=3723263, 99.9=3739647, 99.99=3739647] 
2022-01-11 00:57:50:258 40 sec: 5645 operations; 88 current ops/sec; est completion in 3 days 6 hours [INSERT: Count=880, Max=4046847, Min=2484224, Avg=3465504.58, 90=3794943, 99=4020223, 99.9=4046847, 99.99=4046847] 
2022-01-11 00:58:00:259 50 sec: 8703 operations; 305.8 current ops/sec; est completion in 2 days 15 hours [INSERT: Count=3058, Max=3110911, Min=240896, Avg=1096733.26, 90=2158591, 99=2996223, 99.9=3043327, 99.99=3110911] 
2022-01-11 00:58:10:258 60 sec: 12193 operations; 349 current ops/sec; est completion in 2 days 6 hours [INSERT: Count=3490, Max=1644543, Min=232448, Avg=837219.3, 90=1117183, 99=1626111, 99.9=1639423, 99.99=1644543] 
2022-01-11 00:58:20:259 70 sec: 15762 operations; 356.9 current ops/sec; est completion in 2 days 1 hour [INSERT: Count=3569, Max=1108991, Min=442112, Avg=844466.39, 90=1036799, 99=1091583, 99.9=1101823, 99.99=1108991] 
2022-01-11 00:58:30:258 80 sec: 19760 operations; 399.8 current ops/sec; est completion in 1 day 20 hours [INSERT: Count=3998, Max=1979391, Min=229120, Avg=696079.21, 90=1032703, 99=1947647, 99.9=1979391, 99.99=1979391] 
Still waiting for thread Thread-3 to complete. Workload status: true
Still waiting for thread Thread-3 to complete. Workload status: true
2022-01-11 00:58:40:259 90 sec: 21202 operations; 144.2 current ops/sec; est completion in 1 day 23 hours [CLEANUP: Count=111, Max=3, Min=0, Avg=0.06, 90=0, 99=1, 99.9=3, 99.99=3] [INSERT: Count=1442, Max=9584639, Min=222976, Avg=877217.73, 90=3008511, 99=8335359, 99.9=9584639, 99.99=9584639] 
Still waiting for thread Thread-3 to complete. Workload status: true
Still waiting for thread Thread-3 to complete. Workload status: true
Still waiting for thread Thread-3 to complete. Workload status: true
Still waiting for thread Thread-3 to complete. Workload status: true
Still waiting for thread Thread-3 to complete. Workload status: true
2022-01-11 00:58:50:259 100 sec: 21344 operations; 14.2 current ops/sec; est completion in 2 days 4 hours [CLEANUP: Count=142, Max=3, Min=0, Avg=0.06, 90=0, 99=3, 99.9=3, 99.99=3] [INSERT: Count=142, Max=17252351, Min=10698752, Avg=14405430.08, 90=16941055, 99=17235967, 99.9=17252351, 99.99=17252351] 
Still waiting for thread Thread-3 to complete. Workload status: true
2022-01-11 00:58:52:878 102 sec: 21391 operations; 17.94 current ops/sec; est completion in 2 days 5 hours [CLEANUP: Count=47, Max=13, Min=0, Avg=0.83, 90=1, 99=13, 99.9=13, 99.99=13] [INSERT: Count=47, Max=18104319, Min=17661952, Avg=17802261.79, 90=18055167, 99=18104319, 99.9=18104319, 99.99=18104319] 
