2022-01-11 00:57:10:301 0 sec: 0 operations; est completion in 0 second 
2022-01-11 00:57:20:258 10 sec: 300 operations; 30 current ops/sec; est completion in 15 days 10 hours [INSERT: Count=300, Max=9134079, Min=2297856, Avg=6232166.4, 90=9003007, 99=9093119, 99.9=9134079, 99.99=9134079] 
2022-01-11 00:57:30:258 20 sec: 2160 operations; 186.02 current ops/sec; est completion in 4 days 6 hours [INSERT: Count=1860, Max=7593983, Min=240000, Avg=1929615.38, 90=3723263, 99=7540735, 99.9=7585791, 99.99=7593983] 
2022-01-11 00:57:40:258 30 sec: 4741 operations; 258.1 current ops/sec; est completion in 2 days 22 hours [INSERT: Count=2581, Max=3770367, Min=218496, Avg=1200815.29, 90=3512319, 99=3723263, 99.9=3739647, 99.99=3770367] 
2022-01-11 00:57:50:258 40 sec: 5632 operations; 89.1 current ops/sec; est completion in 3 days 6 hours [INSERT: Count=891, Max=3788799, Min=2598912, Avg=3457760.68, 90=3710975, 99=3780607, 99.9=3788799, 99.99=3788799] 
2022-01-11 00:58:00:258 50 sec: 8696 operations; 306.4 current ops/sec; est completion in 2 days 15 hours [INSERT: Count=3064, Max=3022847, Min=240512, Avg=1065487.08, 90=2101247, 99=2990079, 99.9=3010559, 99.99=3022847] 
2022-01-11 00:58:10:258 60 sec: 12149 operations; 345.3 current ops/sec; est completion in 2 days 6 hours [INSERT: Count=3453, Max=1626111, Min=232576, Avg=835476.5, 90=1117183, 99=1514495, 99.9=1626111, 99.99=1626111] 
2022-01-11 00:58:20:258 70 sec: 15757 operations; 360.8 current ops/sec; est completion in 2 days 1 hour [INSERT: Count=3608, Max=1146879, Min=446720, Avg=842510.16, 90=1036287, 99=1099775, 99.9=1136639, 99.99=1146879] 
2022-01-11 00:58:30:258 80 sec: 19737 operations; 398 current ops/sec; est completion in 1 day 21 hours [INSERT: Count=3980, Max=2254847, Min=233472, Avg=697343.63, 90=1054719, 99=1955839, 99.9=1980415, 99.99=2254847] 
Still waiting for thread Thread-3 to complete. Workload status: true
Still waiting for thread Thread-113 to complete. Workload status: true
2022-01-11 00:58:40:258 90 sec: 21196 operations; 145.9 current ops/sec; est completion in 1 day 23 hours [CLEANUP: Count=117, Max=4, Min=0, Avg=0.09, 90=0, 99=3, 99.9=4, 99.99=4] [INSERT: Count=1459, Max=9584639, Min=224384, Avg=952860.51, 90=3305471, 99=7991295, 99.9=8327167, 99.99=9584639] 
Still waiting for thread Thread-113 to complete. Workload status: true
Still waiting for thread Thread-113 to complete. Workload status: true
Still waiting for thread Thread-113 to complete. Workload status: true
Still waiting for thread Thread-113 to complete. Workload status: true
2022-01-11 00:58:50:258 100 sec: 21327 operations; 13.1 current ops/sec; est completion in 2 days 4 hours [CLEANUP: Count=131, Max=3, Min=0, Avg=0.16, 90=1, 99=2, 99.9=3, 99.99=3] [INSERT: Count=131, Max=17727487, Min=10698752, Avg=15420533.25, 90=17727487, 99=17727487, 99.9=17727487, 99.99=17727487] 
Still waiting for thread Thread-104 to complete. Workload status: true
Still waiting for thread Thread-104 to complete. Workload status: true
2022-01-11 00:58:52:871 102 sec: 21379 operations; 19.89 current ops/sec; est completion in 2 days 5 hours [CLEANUP: Count=52, Max=27, Min=0, Avg=0.73, 90=0, 99=11, 99.9=27, 99.99=27] [INSERT: Count=52, Max=17842175, Min=17661952, Avg=17769708.31, 90=17842175, 99=17842175, 99.9=17842175, 99.99=17842175] 
