2022-01-11 00:57:10:281 0 sec: 0 operations; est completion in 0 second 
2022-01-11 00:57:20:245 10 sec: 343 operations; 34.3 current ops/sec; est completion in 13 days 11 hours [INSERT: Count=343, Max=8855551, Min=1843200, Avg=6001938.66, 90=8429567, 99=8830975, 99.9=8855551, 99.99=8855551] 
2022-01-11 00:57:30:245 20 sec: 2176 operations; 183.3 current ops/sec; est completion in 4 days 6 hours [INSERT: Count=1833, Max=7651327, Min=234880, Avg=1812765.92, 90=3778559, 99=6455295, 99.9=7651327, 99.99=7651327] 
2022-01-11 00:57:40:245 30 sec: 4771 operations; 259.5 current ops/sec; est completion in 2 days 21 hours [INSERT: Count=2595, Max=3758079, Min=222208, Avg=1202805.32, 90=3526655, 99=3717119, 99.9=3747839, 99.99=3758079] 
2022-01-11 00:57:50:245 40 sec: 5654 operations; 88.3 current ops/sec; est completion in 3 days 6 hours [INSERT: Count=883, Max=4046847, Min=2476032, Avg=3462927.95, 90=3756031, 99=4016127, 99.9=4042751, 99.99=4046847] 
2022-01-11 00:58:00:245 50 sec: 8710 operations; 305.6 current ops/sec; est completion in 2 days 15 hours [INSERT: Count=3056, Max=3112959, Min=232064, Avg=1087819.69, 90=2158591, 99=3000319, 99.9=3100671, 99.99=3112959] 
2022-01-11 00:58:10:245 60 sec: 12227 operations; 351.7 current ops/sec; est completion in 2 days 6 hours [INSERT: Count=3517, Max=1639423, Min=232192, Avg=829325.85, 90=1123327, 99=1582079, 99.9=1632255, 99.99=1639423] 
2022-01-11 00:58:20:245 70 sec: 15803 operations; 357.6 current ops/sec; est completion in 2 days 1 hour [INSERT: Count=3576, Max=1126399, Min=442112, Avg=843849.77, 90=1039359, 99=1092607, 99.9=1113087, 99.99=1126399] 
2022-01-11 00:58:30:245 80 sec: 19807 operations; 400.4 current ops/sec; est completion in 1 day 20 hours [INSERT: Count=4004, Max=2254847, Min=222464, Avg=692217.65, 90=1019903, 99=1947647, 99.9=1979391, 99.99=2254847] 
Still waiting for thread Thread-3 to complete. Workload status: true
Still waiting for thread Thread-3 to complete. Workload status: true
2022-01-11 00:58:40:245 90 sec: 21259 operations; 145.2 current ops/sec; est completion in 1 day 23 hours [CLEANUP: Count=106, Max=7, Min=0, Avg=0.19, 90=1, 99=3, 99.9=7, 99.99=7] [INSERT: Count=1452, Max=9584639, Min=214144, Avg=887109.64, 90=3272703, 99=8364031, 99.9=9584639, 99.99=9584639] 
Still waiting for thread Thread-3 to complete. Workload status: true
Still waiting for thread Thread-3 to complete. Workload status: true
Still waiting for thread Thread-3 to complete. Workload status: true
Still waiting for thread Thread-3 to complete. Workload status: true
Still waiting for thread Thread-3 to complete. Workload status: true
2022-01-11 00:58:50:245 100 sec: 21415 operations; 15.6 current ops/sec; est completion in 2 days 3 hours [CLEANUP: Count=156, Max=19, Min=0, Avg=0.26, 90=0, 99=1, 99.9=19, 99.99=19] [INSERT: Count=156, Max=17629183, Min=10698752, Avg=14873888.82, 90=17252351, 99=17629183, 99.9=17629183, 99.99=17629183] 
Still waiting for thread Thread-3 to complete. Workload status: true
2022-01-11 00:58:52:951 102 sec: 21453 operations; 14.05 current ops/sec; est completion in 2 days 5 hours [CLEANUP: Count=38, Max=12, Min=0, Avg=0.32, 90=0, 99=12, 99.9=12, 99.99=12] [INSERT: Count=38, Max=18087935, Min=17661952, Avg=17823205.05, 90=18071551, 99=18087935, 99.9=18087935, 99.99=18087935] 
