I[01:16:52,895] [main]ChainPaxosMixedProto: ChainPaxos: {members=[172.16.66.8:50300, 172.16.66.70:50300, 172.16.66.71:50300]} qs 2
W[01:16:52,991] [200-ChainProtoMixed]ChainPaxosMixedProto: Connection failed to 172.16.66.70:50300, cause: finishConnect(..) failed: Connection refused: gros-70/172.16.66.70:50300
W[01:16:53,029] [200-ChainProtoMixed]ChainPaxosMixedProto: Connection failed to 172.16.66.71:50300, cause: finishConnect(..) failed: Connection refused: gros-71/172.16.66.71:50300
I[01:16:57,898] [200-ChainProtoMixed]ChainPaxosMixedProto: Attempting to take leadership...
I[01:16:57,902] [200-ChainProtoMixed]ChainPaxosMixedProto: New highest instance leader: iN:0, SN{0:172.16.66.8:50300}
I[01:16:57,904] [100-ChainFrontMixed0]ChainPaxosMixedFront: New writesTo: /172.16.66.8
I[01:16:58,000] [200-ChainProtoMixed]ChainPaxosMixedProto: I am leader now! @ instance 0
E[01:17:32,251] [nioEventLoopGroup-9-2]HashMapApp: Exception caught.
java.net.SocketException: Connection reset
	at sun.nio.ch.SocketChannelImpl.throwConnectionReset(SocketChannelImpl.java:394) ~[?:?]
	at sun.nio.ch.SocketChannelImpl.read(SocketChannelImpl.java:426) ~[?:?]
	at io.netty.buffer.PooledByteBuf.setBytes(PooledByteBuf.java:253) ~[chain.jar:?]
	at io.netty.buffer.AbstractByteBuf.writeBytes(AbstractByteBuf.java:1134) ~[chain.jar:?]
	at io.netty.channel.socket.nio.NioSocketChannel.doReadBytes(NioSocketChannel.java:350) ~[chain.jar:?]
	at io.netty.channel.nio.AbstractNioByteChannel$NioByteUnsafe.read(AbstractNioByteChannel.java:151) [chain.jar:?]
	at io.netty.channel.nio.NioEventLoop.processSelectedKey(NioEventLoop.java:719) [chain.jar:?]
	at io.netty.channel.nio.NioEventLoop.processSelectedKeysOptimized(NioEventLoop.java:655) [chain.jar:?]
	at io.netty.channel.nio.NioEventLoop.processSelectedKeys(NioEventLoop.java:581) [chain.jar:?]
	at io.netty.channel.nio.NioEventLoop.run(NioEventLoop.java:493) [chain.jar:?]
	at io.netty.util.concurrent.SingleThreadEventExecutor$4.run(SingleThreadEventExecutor.java:989) [chain.jar:?]
	at io.netty.util.internal.ThreadExecutorMap$2.run(ThreadExecutorMap.java:74) [chain.jar:?]
	at io.netty.util.concurrent.FastThreadLocalRunnable.run(FastThreadLocalRunnable.java:30) [chain.jar:?]
	at java.lang.Thread.run(Thread.java:833) [?:?]
E[01:17:32,290] [nioEventLoopGroup-9-3]HashMapApp: Exception caught.
java.net.SocketException: Connection reset
	at sun.nio.ch.SocketChannelImpl.throwConnectionReset(SocketChannelImpl.java:394) ~[?:?]
	at sun.nio.ch.SocketChannelImpl.read(SocketChannelImpl.java:426) ~[?:?]
	at io.netty.buffer.PooledByteBuf.setBytes(PooledByteBuf.java:253) ~[chain.jar:?]
	at io.netty.buffer.AbstractByteBuf.writeBytes(AbstractByteBuf.java:1134) ~[chain.jar:?]
	at io.netty.channel.socket.nio.NioSocketChannel.doReadBytes(NioSocketChannel.java:350) ~[chain.jar:?]
	at io.netty.channel.nio.AbstractNioByteChannel$NioByteUnsafe.read(AbstractNioByteChannel.java:151) [chain.jar:?]
	at io.netty.channel.nio.NioEventLoop.processSelectedKey(NioEventLoop.java:719) [chain.jar:?]
	at io.netty.channel.nio.NioEventLoop.processSelectedKeysOptimized(NioEventLoop.java:655) [chain.jar:?]
	at io.netty.channel.nio.NioEventLoop.processSelectedKeys(NioEventLoop.java:581) [chain.jar:?]
	at io.netty.channel.nio.NioEventLoop.run(NioEventLoop.java:493) [chain.jar:?]
	at io.netty.util.concurrent.SingleThreadEventExecutor$4.run(SingleThreadEventExecutor.java:989) [chain.jar:?]
	at io.netty.util.internal.ThreadExecutorMap$2.run(ThreadExecutorMap.java:74) [chain.jar:?]
	at io.netty.util.concurrent.FastThreadLocalRunnable.run(FastThreadLocalRunnable.java:30) [chain.jar:?]
	at java.lang.Thread.run(Thread.java:833) [?:?]
E[01:17:32,479] [nioEventLoopGroup-9-1]HashMapApp: Exception caught.
java.net.SocketException: Connection reset
	at sun.nio.ch.SocketChannelImpl.throwConnectionReset(SocketChannelImpl.java:394) ~[?:?]
	at sun.nio.ch.SocketChannelImpl.read(SocketChannelImpl.java:426) ~[?:?]
	at io.netty.buffer.PooledByteBuf.setBytes(PooledByteBuf.java:253) ~[chain.jar:?]
	at io.netty.buffer.AbstractByteBuf.writeBytes(AbstractByteBuf.java:1134) ~[chain.jar:?]
	at io.netty.channel.socket.nio.NioSocketChannel.doReadBytes(NioSocketChannel.java:350) ~[chain.jar:?]
	at io.netty.channel.nio.AbstractNioByteChannel$NioByteUnsafe.read(AbstractNioByteChannel.java:151) [chain.jar:?]
	at io.netty.channel.nio.NioEventLoop.processSelectedKey(NioEventLoop.java:719) [chain.jar:?]
	at io.netty.channel.nio.NioEventLoop.processSelectedKeysOptimized(NioEventLoop.java:655) [chain.jar:?]
	at io.netty.channel.nio.NioEventLoop.processSelectedKeys(NioEventLoop.java:581) [chain.jar:?]
	at io.netty.channel.nio.NioEventLoop.run(NioEventLoop.java:493) [chain.jar:?]
	at io.netty.util.concurrent.SingleThreadEventExecutor$4.run(SingleThreadEventExecutor.java:989) [chain.jar:?]
	at io.netty.util.internal.ThreadExecutorMap$2.run(ThreadExecutorMap.java:74) [chain.jar:?]
	at io.netty.util.concurrent.FastThreadLocalRunnable.run(FastThreadLocalRunnable.java:30) [chain.jar:?]
	at java.lang.Thread.run(Thread.java:833) [?:?]
I[01:17:33,748] [Thread-1]HashMapApp: Writes: 6957, reads: 0
