I[13:12:08,032] [main]ChainRepMixedProto: Starting ChainReplication
I[13:12:08,036] [300-ChainRepMixedProto]ChainRepMixedProto: New membership: {members=[36]}
I[13:12:09,038] [300-ChainRepMixedProto]ChainRepMixedProto: Sending join msg to: 172.16.66.7:50300 - 36
I[13:12:09,332] [300-ChainRepMixedProto]ChainRepMixedProto: State received, registering self
I[13:12:09,334] [100-ChainRepMixFront0]HashMapApp: State installed(0) 
I[13:12:09,340] [300-ChainRepMixedProto]ChainRepMixedProto: New membership: {members=[36, 37]}
I[13:12:09,342] [300-ChainRepMixedProto]ChainRepMixedProto: Active! My id is: 37
I[13:12:09,342] [100-ChainRepMixFront0]ChainRepMixedFront: New writesTo: /172.16.66.7
W[13:12:10,180] [300-ChainRepMixedProto]ChainRepMixedProto: Another new tail is pending, ignoring for now...JoinRequestMsg{}
I[13:12:10,429] [300-ChainRepMixedProto]ChainRepMixedProto: New membership: {members=[36, 37, 38]}
I[13:12:10,430] [300-ChainRepMixedProto]ChainRepMixedProto: Propagating 'sent' to 172.16.66.9:50300
I[13:12:12,161] [300-ChainRepMixedProto]ChainRepMixedProto: New membership: {members=[36, 37, 38, 39]}
I[13:12:13,520] [300-ChainRepMixedProto]ChainRepMixedProto: New membership: {members=[36, 37, 38, 39, 40]}
W[13:12:28,473] [100-ChainRepMixFront0]ChainRepMixedFront: Sending batch by timeout, size 1
W[13:12:29,994] [100-ChainRepMixFront0]ChainRepMixedFront: Sending batch by timeout, size 9
W[13:12:48,409] [100-ChainRepMixFront0]ChainRepMixedFront: Sending batch by timeout, size 8
W[13:12:49,050] [100-ChainRepMixFront0]ChainRepMixedFront: Sending batch by timeout, size 2
W[13:12:49,930] [100-ChainRepMixFront0]ChainRepMixedFront: Sending batch by timeout, size 8
W[13:12:50,091] [100-ChainRepMixFront0]ChainRepMixedFront: Sending batch by timeout, size 2
W[13:12:50,891] [100-ChainRepMixFront0]ChainRepMixedFront: Sending batch by timeout, size 8
W[13:12:51,051] [100-ChainRepMixFront0]ChainRepMixedFront: Sending batch by timeout, size 2
W[13:12:51,852] [100-ChainRepMixFront0]ChainRepMixedFront: Sending batch by timeout, size 8
W[13:12:52,012] [100-ChainRepMixFront0]ChainRepMixedFront: Sending batch by timeout, size 2
W[13:12:52,813] [100-ChainRepMixFront0]ChainRepMixedFront: Sending batch by timeout, size 8
W[13:12:53,534] [100-ChainRepMixFront0]ChainRepMixedFront: Sending batch by timeout, size 2
W[13:12:53,773] [100-ChainRepMixFront0]ChainRepMixedFront: Sending batch by timeout, size 8
W[13:12:54,493] [100-ChainRepMixFront0]ChainRepMixedFront: Sending batch by timeout, size 2
W[13:12:54,734] [100-ChainRepMixFront0]ChainRepMixedFront: Sending batch by timeout, size 8
W[13:12:55,454] [100-ChainRepMixFront0]ChainRepMixedFront: Sending batch by timeout, size 2
W[13:12:56,335] [100-ChainRepMixFront0]ChainRepMixedFront: Sending batch by timeout, size 8
W[13:12:56,495] [100-ChainRepMixFront0]ChainRepMixedFront: Sending batch by timeout, size 2
W[13:12:57,296] [100-ChainRepMixFront0]ChainRepMixedFront: Sending batch by timeout, size 8
W[13:12:57,456] [100-ChainRepMixFront0]ChainRepMixedFront: Sending batch by timeout, size 2
W[13:12:58,257] [100-ChainRepMixFront0]ChainRepMixedFront: Sending batch by timeout, size 8
W[13:12:59,137] [100-ChainRepMixFront0]ChainRepMixedFront: Sending batch by timeout, size 2
W[13:13:00,018] [100-ChainRepMixFront0]ChainRepMixedFront: Sending batch by timeout, size 8
W[13:13:00,178] [100-ChainRepMixFront0]ChainRepMixedFront: Sending batch by timeout, size 2
W[13:13:00,979] [100-ChainRepMixFront0]ChainRepMixedFront: Sending batch by timeout, size 8
W[13:13:42,656] [100-ChainRepMixFront0]ChainRepMixedFront: Sending batch by timeout, size 5
I[13:13:45,039] [Thread-1]HashMapApp: Writes: 860463, reads: 0
